<?xml version="1.0" encoding="UTF-8"?>
<!-- Generated by org.testng.reporters.JUnitReportReporter -->
<testsuite hostname="laptop" failures="0" tests="1" name="java_programes.Pra" time="0.010" errors="0" timestamp="2023-09-04T20:49:38 IST" skipped="0">
  <testcase classname="java_programes.Pra" name="a" time="0.010"/>
  <system-out/>
</testsuite> <!-- java_programes.Pra -->
