<?xml version="1.0" encoding="UTF-8"?>
<!-- Generated by org.testng.reporters.JUnitReportReporter -->
<testsuite hostname="laptop" failures="0" tests="1" name="Maven_Sample.C" time="0.012" errors="0" timestamp="2023-10-19T13:44:11 IST" skipped="0">
  <testcase classname="Maven_Sample.C" name="assign10" time="0.012"/>
  <system-out/>
</testsuite> <!-- Maven_Sample.C -->
