<?xml version="1.0" encoding="UTF-8"?>
<!-- Generated by org.testng.reporters.JUnitReportReporter -->
<testsuite hostname="laptop" failures="0" tests="1" name="Maven_Sample.D" time="0.015" errors="0" timestamp="2023-10-20T19:15:49 IST" skipped="0">
  <testcase classname="Maven_Sample.D" name="t" time="0.015"/>
  <system-out/>
</testsuite> <!-- Maven_Sample.D -->
