<?xml version="1.0" encoding="UTF-8"?>
<!-- Generated by org.testng.reporters.JUnitReportReporter -->
<testsuite hostname="laptop" failures="0" tests="1" name="JavaAssignment.S" time="0.014" errors="0" timestamp="2023-10-16T17:20:24 IST" skipped="0">
  <testcase classname="JavaAssignment.S" name="y" time="0.014"/>
  <system-out/>
</testsuite> <!-- JavaAssignment.S -->
