<?xml version="1.0" encoding="UTF-8"?>
<!-- Generated by org.testng.reporters.JUnitReportReporter -->
<testsuite hostname="laptop" failures="0" tests="1" name="java_programes.Collection" time="0.011" errors="0" timestamp="2023-08-22T17:04:53 IST" skipped="0">
  <testcase classname="java_programes.Collection" name="collection2Test" time="0.011"/>
  <system-out/>
</testsuite> <!-- java_programes.Collection -->
