<?xml version="1.0" encoding="UTF-8"?>
<!-- Generated by org.testng.reporters.JUnitReportReporter -->
<testsuite hostname="laptop" failures="0" tests="1" name="java_programes.Map" time="0.012" errors="0" timestamp="2023-10-01T22:14:43 IST" skipped="0">
  <testcase classname="java_programes.Map" name="sortDescArray" time="0.012"/>
  <system-out/>
</testsuite> <!-- java_programes.Map -->
