<?xml version="1.0" encoding="UTF-8"?>
<!-- Generated by org.testng.reporters.JUnitReportReporter -->
<testsuite hostname="laptop" failures="0" tests="1" name="Maven_Sample.w" time="67.679" errors="0" timestamp="2023-10-19T17:34:59 IST" skipped="0">
  <testcase classname="Maven_Sample.w" name="s" time="67.679"/>
  <system-out/>
</testsuite> <!-- Maven_Sample.w -->
