<?xml version="1.0" encoding="UTF-8"?>
<!-- Generated by org.testng.reporters.JUnitReportReporter -->
<testsuite hostname="laptop" failures="0" tests="1" name="java_programes.Patter1" time="0.012" errors="0" timestamp="2023-08-29T15:47:23 IST" skipped="0">
  <testcase classname="java_programes.Patter1" name="p3" time="0.012"/>
  <system-out/>
</testsuite> <!-- java_programes.Patter1 -->
