<?xml version="1.0" encoding="UTF-8"?>
<!-- Generated by org.testng.reporters.JUnitReportReporter -->
<testsuite hostname="laptop" failures="0" tests="1" name="Maven_Sample.ImptPrograme" time="0.012" errors="0" timestamp="2023-11-14T19:53:13 IST" skipped="0">
  <testcase classname="Maven_Sample.ImptPrograme" name="e" time="0.012"/>
  <system-out/>
</testsuite> <!-- Maven_Sample.ImptPrograme -->
