<?xml version="1.0" encoding="UTF-8"?>
<!-- Generated by org.testng.reporters.JUnitReportReporter -->
<testsuite hostname="laptop" failures="0" tests="1" name="zop.Booking" time="24.222" errors="0" timestamp="2023-11-10T13:29:50 IST" skipped="0">
  <testcase classname="zop.Booking" name="r" time="24.222"/>
  <system-out/>
</testsuite> <!-- zop.Booking -->
