<?xml version="1.0" encoding="UTF-8"?>
<!-- Generated by org.testng.reporters.JUnitReportReporter -->
<testsuite hostname="laptop" failures="0" tests="2" name="TestNg_Practice_Test.Screening" time="0.013" errors="0" timestamp="2023-11-02T17:10:15 IST" skipped="0">
  <testcase classname="TestNg_Practice_Test.Screening" name="r" time="0.011"/>
  <system-out/>
  <testcase classname="TestNg_Practice_Test.Screening" name="r1" time="0.002"/>
  <system-out/>
</testsuite> <!-- TestNg_Practice_Test.Screening -->
