<?xml version="1.0" encoding="UTF-8"?>
<!-- Generated by org.testng.reporters.JUnitReportReporter -->
<testsuite hostname="laptop" failures="0" tests="1" name="Maven_Sample.ATest" time="0.012" errors="0" timestamp="2023-08-31T10:03:21 IST" skipped="0">
  <testcase classname="Maven_Sample.ATest" name="aTest" time="0.012"/>
  <system-out/>
</testsuite> <!-- Maven_Sample.ATest -->
