<?xml version="1.0" encoding="UTF-8"?>
<!-- Generated by org.testng.reporters.JUnitReportReporter -->
<testsuite hostname="laptop" failures="0" tests="1" name="java_programes.Pat" time="0.012" errors="0" timestamp="2023-09-08T21:17:00 IST" skipped="0">
  <testcase classname="java_programes.Pat" name="p145" time="0.012"/>
  <system-out/>
</testsuite> <!-- java_programes.Pat -->
