<?xml version="1.0" encoding="UTF-8"?>
<!-- Generated by org.testng.reporters.JUnitReportReporter -->
<testsuite hostname="laptop" failures="0" tests="1" name="java_programes.Pattern" time="0.012" errors="0" timestamp="2023-09-05T21:52:55 IST" skipped="0">
  <testcase classname="java_programes.Pattern" name="pattern17" time="0.012"/>
  <system-out/>
</testsuite> <!-- java_programes.Pattern -->
