<?xml version="1.0" encoding="UTF-8"?>
<!-- Generated by org.testng.reporters.JUnitReportReporter -->
<testsuite hostname="laptop" failures="0" tests="1" name="java_programes.String_Program" time="0.014" errors="0" timestamp="2023-10-31T12:25:02 IST" skipped="0">
  <testcase classname="java_programes.String_Program" name="sumOfumbersInString" time="0.014"/>
  <system-out/>
</testsuite> <!-- java_programes.String_Program -->
