<?xml version="1.0" encoding="UTF-8"?>
<!-- Generated by org.testng.reporters.JUnitReportReporter -->
<testsuite hostname="laptop" failures="0" tests="1" name="JavaAssignment.Pat" time="0.010" errors="0" timestamp="2023-10-28T10:55:01 IST" skipped="0">
  <testcase classname="JavaAssignment.Pat" name="insrt" time="0.010"/>
  <system-out/>
</testsuite> <!-- JavaAssignment.Pat -->
