<?xml version="1.0" encoding="UTF-8"?>
<!-- Generated by org.testng.reporters.JUnitReportReporter -->
<testsuite hostname="laptop" failures="0" tests="1" name="JavaAssignment.Java" time="0.010" errors="0" timestamp="2023-10-18T21:04:30 IST" skipped="0">
  <testcase classname="JavaAssignment.Java" name="printDuplicateValues" time="0.010"/>
  <system-out/>
</testsuite> <!-- JavaAssignment.Java -->
