<?xml version="1.0" encoding="UTF-8"?>
<!-- Generated by org.testng.reporters.JUnitReportReporter -->
<testsuite hostname="laptop" failures="0" tests="1" name="JavaAssignment.Map" time="0.014" errors="0" timestamp="2023-10-27T13:24:10 IST" skipped="0">
  <testcase classname="JavaAssignment.Map" name="r" time="0.014"/>
  <system-out/>
</testsuite> <!-- JavaAssignment.Map -->
