<?xml version="1.0" encoding="UTF-8"?>
<!-- Generated by org.testng.reporters.JUnitReportReporter -->
<testsuite hostname="laptop" failures="0" tests="1" name="JavaAssignment.C" time="0.014" errors="0" timestamp="2023-10-20T19:17:15 IST" skipped="0">
  <testcase classname="JavaAssignment.C" name="t" time="0.014"/>
  <system-out/>
</testsuite> <!-- JavaAssignment.C -->
