<?xml version="1.0" encoding="UTF-8"?>
<!-- Generated by org.testng.reporters.JUnitReportReporter -->
<testsuite hostname="laptop" failures="0" tests="1" name="java_programes.P" time="0.019" errors="0" timestamp="2023-09-12T17:02:36 IST" skipped="0">
  <testcase classname="java_programes.P" name="r1" time="0.019"/>
  <system-out/>
</testsuite> <!-- java_programes.P -->
