<?xml version="1.0" encoding="UTF-8"?>
<!-- Generated by org.testng.reporters.JUnitReportReporter -->
<testsuite hostname="laptop" failures="0" tests="1" name="JavaAssignment.A" time="0.014" errors="0" timestamp="2023-10-07T20:57:21 IST" skipped="0">
  <testcase classname="JavaAssignment.A" name="P24" time="0.014"/>
  <system-out/>
</testsuite> <!-- JavaAssignment.A -->
