<?xml version="1.0" encoding="UTF-8"?>
<!-- Generated by org.testng.reporters.JUnitReportReporter -->
<testsuite hostname="laptop" failures="0" tests="1" name="java_programes.Numbers" time="0.018" errors="0" timestamp="2023-08-30T20:00:09 IST" skipped="0">
  <testcase classname="java_programes.Numbers" name="Strong" time="0.018"/>
  <system-out/>
</testsuite> <!-- java_programes.Numbers -->
