<?xml version="1.0" encoding="UTF-8"?>
<!-- Generated by org.testng.reporters.JUnitReportReporter -->
<testsuite hostname="laptop" failures="0" tests="1" name="java_programes.ArrayFinding" time="0.011" errors="0" timestamp="2023-10-22T19:16:19 IST" skipped="0">
  <testcase classname="java_programes.ArrayFinding" name="positionOfEachNoInArrayWithoutDuplicatesUsingCollection" time="0.011"/>
  <system-out/>
</testsuite> <!-- java_programes.ArrayFinding -->
